[debug] [2022-02-23T01:50:11.347Z] ----------------------------------------------------------------------
[debug] [2022-02-23T01:50:11.352Z] Command:       /usr/local/bin/node /usr/local/bin/firebase init
[debug] [2022-02-23T01:50:11.353Z] CLI Version:   10.2.1
[debug] [2022-02-23T01:50:11.353Z] Platform:      darwin
[debug] [2022-02-23T01:50:11.353Z] Node Version:  v16.14.0
[debug] [2022-02-23T01:50:11.365Z] Time:          Tue Feb 22 2022 20:50:11 GMT-0500 (Eastern Standard Time)
[debug] [2022-02-23T01:50:11.366Z] ----------------------------------------------------------------------
[debug] 
[debug] [2022-02-23T01:50:11.370Z] >>> [apiv2][query] GET https://firebase-public.firebaseio.com/cli.json [none]
[debug] [2022-02-23T01:50:11.465Z] > command requires scopes: ["email","openid","https://www.googleapis.com/auth/cloudplatformprojects.readonly","https://www.googleapis.com/auth/firebase","https://www.googleapis.com/auth/cloud-platform"]
[debug] [2022-02-23T01:50:11.465Z] > authorizing via signed-in user (jenniferjia48@gmail.com)
[info] 
     ######## #### ########  ######## ########     ###     ######  ########
     ##        ##  ##     ## ##       ##     ##  ##   ##  ##       ##
     ######    ##  ########  ######   ########  #########  ######  ######
     ##        ##  ##    ##  ##       ##     ## ##     ##       ## ##
     ##       #### ##     ## ######## ########  ##     ##  ######  ########

You're about to initialize a Firebase project in this directory:

  /Users/jenniferjia/pui

Before we get started, keep in mind:

  * You are initializing within an existing Firebase project directory

[debug] [2022-02-23T01:50:11.695Z] <<< [apiv2][status] GET https://firebase-public.firebaseio.com/cli.json 200
[debug] [2022-02-23T01:50:11.696Z] <<< [apiv2][body] GET https://firebase-public.firebaseio.com/cli.json {"cloudBuildErrorAfter":1594252800000,"cloudBuildWarnAfter":1590019200000,"defaultNode10After":1594252800000,"minVersion":"3.0.5","node8DeploysDisabledAfter":1613390400000,"node8RuntimeDisabledAfter":1615809600000,"node8WarnAfter":1600128000000}
[info] 
=== Project Setup
[info] 
[info] First, let's associate this project directory with a Firebase project.
[info] You can create multiple project aliases by running firebase use --add, 
[info] but for now we'll just set up a default project.
[info] 
[debug] [2022-02-23T01:50:25.867Z] Using project from CLI flag: pui-lab-4-cce21
[debug] [2022-02-23T01:50:25.868Z] > refreshing access token with scopes: []
[debug] [2022-02-23T01:50:25.869Z] >>> HTTP REQUEST POST https://www.googleapis.com/oauth2/v3/token  
 <request body omitted>
[debug] [2022-02-23T01:50:26.157Z] <<< HTTP RESPONSE 200 {"date":"Wed, 23 Feb 2022 01:50:26 GMT","expires":"Mon, 01 Jan 1990 00:00:00 GMT","cache-control":"no-cache, no-store, max-age=0, must-revalidate","pragma":"no-cache","content-type":"application/json; charset=utf-8","vary":"X-Origin, Referer, Origin,Accept-Encoding","server":"scaffolding on HTTPServer2","x-xss-protection":"0","x-frame-options":"SAMEORIGIN","x-content-type-options":"nosniff","alt-svc":"h3=\":443\"; ma=2592000,h3-29=\":443\"; ma=2592000,h3-Q050=\":443\"; ma=2592000,h3-Q046=\":443\"; ma=2592000,h3-Q043=\":443\"; ma=2592000,quic=\":443\"; ma=2592000; v=\"46,43\"","accept-ranges":"none","transfer-encoding":"chunked"}
[debug] [2022-02-23T01:50:26.206Z] >>> [apiv2][query] GET https://firebase.googleapis.com/v1beta1/projects/pui-lab-4-cce21 [none]
[debug] [2022-02-23T01:50:26.566Z] <<< [apiv2][status] GET https://firebase.googleapis.com/v1beta1/projects/pui-lab-4-cce21 200
[debug] [2022-02-23T01:50:26.566Z] <<< [apiv2][body] GET https://firebase.googleapis.com/v1beta1/projects/pui-lab-4-cce21 {"projectId":"pui-lab-4-cce21","projectNumber":"1038538728201","displayName":"pui lab 4","name":"projects/pui-lab-4-cce21","resources":{"hostingSite":"pui-lab-4-cce21"},"state":"ACTIVE"}
[info] i  Using project pui-lab-4-cce21 (pui lab 4) 
[info] 
=== Hosting Setup
[info] 
[info] Your public directory is the folder (relative to your project directory) that
[info] will contain Hosting assets to be uploaded with firebase deploy. If you
[info] have a build process for your assets, use your build's output directory.
[info] 
